<?xml version="1.0" encoding="utf-8"?><testsuites name="pytest tests"><testsuite name="pytest" errors="0" failures="0" skipped="0" tests="17" time="78.697" timestamp="2026-01-30T00:04:45.864207+00:00" hostname="agent-env-e6710064-153c-42cb-ae58-0f366892e33a"><testcase classname="backend.tests.test_hdos_trust.TestTrustLevels" name="test_get_trust_levels" time="75.347" /><testcase classname="backend.tests.test_hdos_trust.TestTrustLevels" name="test_get_single_trust_level" time="0.135" /><testcase classname="backend.tests.test_hdos_trust.TestTrustLevels" name="test_get_invalid_trust_level" time="0.137" /><testcase classname="backend.tests.test_hdos_trust.TestTrustLevels" name="test_seed_trust_levels" time="0.282" /><testcase classname="backend.tests.test_hdos_trust.TestTrustPolicies" name="test_get_trust_policies" time="1.120" /><testcase classname="backend.tests.test_hdos_trust.TestTrustPolicies" name="test_create_and_update_policy_by_level" time="0.127" /><testcase classname="backend.tests.test_hdos_trust.TestTrustPolicies" name="test_create_policy_for_invalid_level" time="0.038" /><testcase classname="backend.tests.test_hdos_trust.TestTrustAssignments" name="test_get_trust_assignments" time="0.311" /><testcase classname="backend.tests.test_hdos_trust.TestTrustAssignments" name="test_create_assignment" time="0.125" /><testcase classname="backend.tests.test_hdos_trust.TestTrustAssignments" name="test_update_assignment" time="0.131" /><testcase classname="backend.tests.test_hdos_trust.TestTrustAssignments" name="test_delete_assignment" time="0.116" /><testcase classname="backend.tests.test_hdos_trust.TestTrustAssignments" name="test_create_duplicate_assignment" time="0.115" /><testcase classname="backend.tests.test_hdos_trust.TestTrustAssignments" name="test_check_trust_level" time="0.125" /><testcase classname="backend.tests.test_hdos_trust.TestTrustAssignments" name="test_check_unknown_subject_returns_default" time="0.045" /><testcase classname="backend.tests.test_hdos_trust.TestTrustUnauthorized" name="test_levels_without_auth" time="0.036" /><testcase classname="backend.tests.test_hdos_trust.TestTrustUnauthorized" name="test_policies_without_auth" time="0.039" /><testcase classname="backend.tests.test_hdos_trust.TestTrustUnauthorized" name="test_assignments_without_auth" time="0.375" /></testsuite></testsuites>