<?xml version="1.0" encoding="utf-8"?><testsuites name="pytest tests"><testsuite name="pytest" errors="0" failures="0" skipped="0" tests="14" time="2.028" timestamp="2026-02-10T05:41:53.472552+00:00" hostname="agent-env-25fcced4-fae6-4b96-9cf0-308064cc6741"><testcase classname="backend.tests.test_modules_registry.TestModulesRegistryAuth" name="test_modules_requires_auth" time="0.080" /><testcase classname="backend.tests.test_modules_registry.TestModulesRegistryAuth" name="test_modules_requires_admin_role" time="0.314" /><testcase classname="backend.tests.test_modules_registry.TestModulesRegistryList" name="test_get_all_modules" time="0.309" /><testcase classname="backend.tests.test_modules_registry.TestModulesRegistryList" name="test_modules_have_required_fields" time="0.049" /><testcase classname="backend.tests.test_modules_registry.TestModulesRegistryList" name="test_summary_stats" time="0.041" /><testcase classname="backend.tests.test_modules_registry.TestModulesRegistryFilters" name="test_filter_by_status_active" time="0.305" /><testcase classname="backend.tests.test_modules_registry.TestModulesRegistryFilters" name="test_filter_by_status_opening_soon" time="0.043" /><testcase classname="backend.tests.test_modules_registry.TestModulesRegistryFilters" name="test_filter_by_world" time="0.040" /><testcase classname="backend.tests.test_modules_registry.TestModulesRegistryFilters" name="test_combined_filters" time="0.046" /><testcase classname="backend.tests.test_modules_registry.TestModulesRegistrySingleModule" name="test_get_single_module_by_id" time="0.306" /><testcase classname="backend.tests.test_modules_registry.TestModulesRegistrySingleModule" name="test_get_nonexistent_module" time="0.038" /><testcase classname="backend.tests.test_modules_registry.TestModulesRegistrySingleModule" name="test_single_module_requires_auth" time="0.043" /><testcase classname="backend.tests.test_modules_registry.TestModulesRegistryFile" name="test_registry_has_expected_modules" time="0.301" /><testcase classname="backend.tests.test_modules_registry.TestModulesRegistryFile" name="test_registry_module_count" time="0.044" /></testsuite></testsuites>