<?xml version="1.0" encoding="utf-8"?><testsuites name="pytest tests"><testsuite name="pytest" errors="0" failures="0" skipped="0" tests="14" time="0.885" timestamp="2026-02-05T23:59:04.241249+00:00" hostname="agent-env-f831fd99-40e6-489d-87f0-ff509220493f"><testcase classname="backend.tests.test_tutor_intake.TestPublicTutorIntake" name="test_submit_valid_application" time="0.080" /><testcase classname="backend.tests.test_tutor_intake.TestPublicTutorIntake" name="test_submit_missing_consent_returns_400" time="0.015" /><testcase classname="backend.tests.test_tutor_intake.TestPublicTutorIntake" name="test_submit_missing_required_fields_returns_422" time="0.015" /><testcase classname="backend.tests.test_tutor_intake.TestPublicTutorIntake" name="test_submit_bio_too_short_returns_422" time="0.051" /><testcase classname="backend.tests.test_tutor_intake.TestPublicTutorIntake" name="test_submit_bio_too_long_returns_422" time="0.011" /><testcase classname="backend.tests.test_tutor_intake.TestAdminIntakeEndpoints" name="test_list_submissions_authenticated" time="0.251" /><testcase classname="backend.tests.test_tutor_intake.TestAdminIntakeEndpoints" name="test_list_submissions_filter_by_status" time="0.053" /><testcase classname="backend.tests.test_tutor_intake.TestAdminIntakeEndpoints" name="test_get_intake_stats" time="0.012" /><testcase classname="backend.tests.test_tutor_intake.TestAdminIntakeEndpoints" name="test_update_submission_status" time="0.069" /><testcase classname="backend.tests.test_tutor_intake.TestAdminIntakeEndpoints" name="test_update_submission_to_approved" time="0.064" /><testcase classname="backend.tests.test_tutor_intake.TestSecurityUnauthorizedAccess" name="test_list_submissions_unauthenticated_returns_401" time="0.045" /><testcase classname="backend.tests.test_tutor_intake.TestSecurityUnauthorizedAccess" name="test_get_stats_unauthenticated_returns_401" time="0.043" /><testcase classname="backend.tests.test_tutor_intake.TestSecurityUnauthorizedAccess" name="test_update_submission_unauthenticated_returns_401" time="0.048" /><testcase classname="backend.tests.test_tutor_intake.TestDataPersistence" name="test_submission_persists_and_retrievable" time="0.055" /></testsuite></testsuites>