<?xml version="1.0" encoding="utf-8"?><testsuites name="pytest tests"><testsuite name="pytest" errors="0" failures="0" skipped="0" tests="28" time="5.330" timestamp="2026-02-15T03:43:38.240229+00:00" hostname="agent-env-28b65750-80d2-4e05-9d6b-e1daf8fbec12"><testcase classname="tests.test_hdos_engine.TestHDOSVersion" name="test_version_returns_200" time="0.715" /><testcase classname="tests.test_hdos_engine.TestHDOSVersion" name="test_version_structure" time="0.682" /><testcase classname="tests.test_hdos_engine.TestHDOSVersion" name="test_version_values" time="0.740" /><testcase classname="tests.test_hdos_engine.TestHDOSGlossary" name="test_glossary_returns_200" time="0.140" /><testcase classname="tests.test_hdos_engine.TestHDOSGlossary" name="test_glossary_structure" time="0.113" /><testcase classname="tests.test_hdos_engine.TestHDOSGlossary" name="test_glossary_term_count" time="0.125" /><testcase classname="tests.test_hdos_engine.TestHDOSGlossary" name="test_glossary_term_structure" time="0.102" /><testcase classname="tests.test_hdos_engine.TestHDOSGlossary" name="test_glossary_has_key_terms" time="0.126" /><testcase classname="tests.test_hdos_engine.TestHDOSAmendments" name="test_amendments_returns_200" time="0.113" /><testcase classname="tests.test_hdos_engine.TestHDOSAmendments" name="test_amendments_structure" time="0.109" /><testcase classname="tests.test_hdos_engine.TestHDOSAmendments" name="test_amendments_count" time="0.123" /><testcase classname="tests.test_hdos_engine.TestHDOSAmendments" name="test_amendment_structure" time="0.157" /><testcase classname="tests.test_hdos_engine.TestHDOSAmendments" name="test_amendments_are_ratified" time="0.130" /><testcase classname="tests.test_hdos_engine.TestHDOSAnalyze" name="test_analyze_returns_200" time="0.109" /><testcase classname="tests.test_hdos_engine.TestHDOSAnalyze" name="test_analyze_response_structure" time="0.126" /><testcase classname="tests.test_hdos_engine.TestHDOSAnalyze" name="test_exit_preserved_scenario" time="0.142" /><testcase classname="tests.test_hdos_engine.TestHDOSAnalyze" name="test_exit_sealed_no_exit" time="0.128" /><testcase classname="tests.test_hdos_engine.TestHDOSAnalyze" name="test_exit_sealed_max_pressure" time="0.127" /><testcase classname="tests.test_hdos_engine.TestHDOSAnalyze" name="test_exit_threatened_mid_pressure" time="0.105" /><testcase classname="tests.test_hdos_engine.TestHDOSAnalyze" name="test_dog_config_requires_high_pressure" time="0.129" /><testcase classname="tests.test_hdos_engine.TestHDOSAnalyze" name="test_pressure_breakdown_contains_active_vectors" time="0.119" /><testcase classname="tests.test_hdos_engine.TestHDOSAnalyze" name="test_collapse_path_format" time="0.109" /><testcase classname="tests.test_hdos_engine.TestHDOSAnalyze" name="test_guardrails_footer_present" time="0.146" /><testcase classname="tests.test_hdos_engine.TestHDOSAnalyze" name="test_validation_invalid_context_type" time="0.110" /><testcase classname="tests.test_hdos_engine.TestHDOSAnalyze" name="test_validation_missing_required_field" time="0.127" /><testcase classname="tests.test_hdos_engine.TestHDOSAnalyzeThresholds" name="test_exit_integrity_threshold_25" time="0.146" /><testcase classname="tests.test_hdos_engine.TestHDOSAnalyzeThresholds" name="test_exit_integrity_threshold_55" time="0.120" /><testcase classname="tests.test_hdos_engine.TestHDOSAnalyzeThresholds" name="test_exit_integrity_above_55" time="0.105" /></testsuite></testsuites>