<?xml version="1.0" encoding="utf-8"?><testsuites name="pytest tests"><testsuite name="pytest" errors="0" failures="5" skipped="0" tests="14" time="5.278" timestamp="2026-02-15T05:05:24.324769+00:00" hostname="agent-env-611326c7-a5dc-4960-9eb6-0daca02c27f0"><testcase classname="tests.test_bglis_phone.TestBGLISPhoneAuth" name="test_01_login_and_get_token" time="0.401" /><testcase classname="tests.test_bglis_phone.TestBGLISPhoneAuth" name="test_02_send_otp_upgrade" time="0.124" /><testcase classname="tests.test_bglis_phone.TestBGLISPhoneAuth" name="test_03_send_otp_invalid_phone" time="0.116" /><testcase classname="tests.test_bglis_phone.TestBGLISPhoneAuth" name="test_04_verify_otp_bypass_code" time="0.159" /><testcase classname="tests.test_bglis_phone.TestBGLISPhoneAuth" name="test_05_verify_otp_wrong_code" time="0.166" /><testcase classname="tests.test_bglis_phone.TestBGLISLinkPhone" name="test_06_link_phone_without_auth" time="0.455" /><testcase classname="tests.test_bglis_phone.TestBGLISLinkPhone" name="test_07_link_phone_with_auth" time="0.524"><failure message="AssertionError: Link phone failed: {&quot;detail&quot;:&quot;Invalid or expired token&quot;}&#10;assert 401 == 200&#10; +  where 401 = &lt;Response [401]&gt;.status_code">tests/test_bglis_phone.py:166: in test_07_link_phone_with_auth
    assert response.status_code == 200, f"Link phone failed: {response.text}"
E   AssertionError: Link phone failed: {"detail":"Invalid or expired token"}
E   assert 401 == 200
E    +  where 401 = &lt;Response [401]&gt;.status_code</failure></testcase><testcase classname="tests.test_bglis_phone.TestBGLISLinkPhone" name="test_08_get_phone_status" time="0.398"><failure message="AssertionError: Get status failed: {&quot;detail&quot;:&quot;Invalid or expired token&quot;}&#10;assert 401 == 200&#10; +  where 401 = &lt;Response [401]&gt;.status_code">tests/test_bglis_phone.py:175: in test_08_get_phone_status
    assert response.status_code == 200, f"Get status failed: {response.text}"
E   AssertionError: Get status failed: {"detail":"Invalid or expired token"}
E   assert 401 == 200
E    +  where 401 = &lt;Response [401]&gt;.status_code</failure></testcase><testcase classname="tests.test_bglis_phone.TestBGLISLinkPhone" name="test_09_check_user_verified_public" time="0.397" /><testcase classname="tests.test_bglis_phone.TestBGLISLinkPhone" name="test_10_check_nonexistent_user" time="0.608" /><testcase classname="tests.test_bglis_phone.TestBGLISRemovePhone" name="test_11_remove_phone_without_auth" time="0.469" /><testcase classname="tests.test_bglis_phone.TestBGLISRemovePhone" name="test_12_remove_phone_with_auth" time="0.399"><failure message="AssertionError: Remove phone failed: {&quot;detail&quot;:&quot;Invalid or expired token&quot;}&#10;assert 401 == 200&#10; +  where 401 = &lt;Response [401]&gt;.status_code">tests/test_bglis_phone.py:230: in test_12_remove_phone_with_auth
    assert response.status_code == 200, f"Remove phone failed: {response.text}"
E   AssertionError: Remove phone failed: {"detail":"Invalid or expired token"}
E   assert 401 == 200
E    +  where 401 = &lt;Response [401]&gt;.status_code</failure></testcase><testcase classname="tests.test_bglis_phone.TestBGLISRemovePhone" name="test_13_verify_phone_removed" time="0.392"><failure message="assert 401 == 200&#10; +  where 401 = &lt;Response [401]&gt;.status_code">tests/test_bglis_phone.py:239: in test_13_verify_phone_removed
    assert response.status_code == 200
E   assert 401 == 200
E    +  where 401 = &lt;Response [401]&gt;.status_code</failure></testcase><testcase classname="tests.test_bglis_phone.TestBGLISFullFlow" name="test_14_full_verification_flow" time="0.572"><failure message="AssertionError: Link phone failed: {&quot;detail&quot;:&quot;Invalid or expired token&quot;}&#10;assert 401 == 200&#10; +  where 401 = &lt;Response [401]&gt;.status_code">tests/test_bglis_phone.py:291: in test_14_full_verification_flow
    assert link_resp.status_code == 200, f"Link phone failed: {link_resp.text}"
E   AssertionError: Link phone failed: {"detail":"Invalid or expired token"}
E   assert 401 == 200
E    +  where 401 = &lt;Response [401]&gt;.status_code</failure></testcase></testsuite></testsuites>