<?xml version="1.0" encoding="utf-8"?><testsuites name="pytest tests"><testsuite name="pytest" errors="0" failures="0" skipped="0" tests="9" time="1.258" timestamp="2026-02-03T08:24:49.651711+00:00" hostname="agent-env-7672fb8b-a894-474f-9c02-b5411c57a595"><testcase classname="backend.tests.test_circles_api.TestCirclesAPI" name="test_get_circles_returns_200" time="0.104" /><testcase classname="backend.tests.test_circles_api.TestCirclesAPI" name="test_get_circles_returns_6_seeded_circles" time="0.711" /><testcase classname="backend.tests.test_circles_api.TestCirclesAPI" name="test_circle_structure_has_required_fields" time="0.134" /><testcase classname="backend.tests.test_circles_api.TestCirclesAPI" name="test_circle_black_entrepreneurs_exists" time="0.042" /><testcase classname="backend.tests.test_circles_api.TestCirclesAPI" name="test_circle_mental_health_has_request_to_join" time="0.043" /><testcase classname="backend.tests.test_circles_api.TestCirclesAPI" name="test_all_circles_are_verified" time="0.038" /><testcase classname="backend.tests.test_circles_api.TestCirclesAPI" name="test_circles_have_valid_tags" time="0.047" /><testcase classname="backend.tests.test_circles_api.TestCirclesAPI" name="test_get_single_circle_by_id" time="0.041" /><testcase classname="backend.tests.test_circles_api.TestCirclesAPI" name="test_get_nonexistent_circle_returns_404" time="0.037" /></testsuite></testsuites>