<?xml version="1.0" encoding="utf-8"?><testsuites name="pytest tests"><testsuite name="pytest" errors="0" failures="0" skipped="0" tests="24" time="4.748" timestamp="2026-02-05T23:31:31.533664+00:00" hostname="agent-env-f831fd99-40e6-489d-87f0-ff509220493f"><testcase classname="backend.tests.test_alternative_school.TestPublicEndpoints" name="test_get_hub_data" time="1.223" /><testcase classname="backend.tests.test_alternative_school.TestPublicEndpoints" name="test_get_tutors" time="0.294" /><testcase classname="backend.tests.test_alternative_school.TestPublicEndpoints" name="test_get_tutors_with_status_filter" time="0.836" /><testcase classname="backend.tests.test_alternative_school.TestPublicEndpoints" name="test_get_programs" time="0.086" /><testcase classname="backend.tests.test_alternative_school.TestPublicEndpoints" name="test_get_programs_with_status_filter" time="0.183" /><testcase classname="backend.tests.test_alternative_school.TestPublicEndpoints" name="test_get_resources" time="0.308" /><testcase classname="backend.tests.test_alternative_school.TestPublicEndpoints" name="test_get_resources_with_category_filter" time="0.949" /><testcase classname="backend.tests.test_alternative_school.TestAdminTutorCRUD" name="test_create_tutor" time="0.377" /><testcase classname="backend.tests.test_alternative_school.TestAdminTutorCRUD" name="test_update_tutor" time="0.014" /><testcase classname="backend.tests.test_alternative_school.TestAdminTutorCRUD" name="test_update_nonexistent_tutor" time="0.014" /><testcase classname="backend.tests.test_alternative_school.TestAdminTutorCRUD" name="test_delete_tutor" time="0.022" /><testcase classname="backend.tests.test_alternative_school.TestAdminTutorCRUD" name="test_delete_nonexistent_tutor" time="0.015" /><testcase classname="backend.tests.test_alternative_school.TestAdminProgramCRUD" name="test_create_program" time="0.053" /><testcase classname="backend.tests.test_alternative_school.TestAdminProgramCRUD" name="test_update_program" time="0.056" /><testcase classname="backend.tests.test_alternative_school.TestAdminProgramCRUD" name="test_delete_program" time="0.015" /><testcase classname="backend.tests.test_alternative_school.TestAdminResourceCRUD" name="test_create_resource" time="0.016" /><testcase classname="backend.tests.test_alternative_school.TestAdminResourceCRUD" name="test_update_resource" time="0.055" /><testcase classname="backend.tests.test_alternative_school.TestAdminResourceCRUD" name="test_delete_resource" time="0.010" /><testcase classname="backend.tests.test_alternative_school.TestAdminSeedEndpoint" name="test_seed_is_idempotent" time="0.011" /><testcase classname="backend.tests.test_alternative_school.TestUnauthorizedAccess" name="test_create_tutor_unauthorized" time="0.056" /><testcase classname="backend.tests.test_alternative_school.TestUnauthorizedAccess" name="test_seed_unauthorized" time="0.015" /><testcase classname="backend.tests.test_alternative_school.TestHubDataFiltering" name="test_hub_excludes_future_status" time="0.012" /><testcase classname="backend.tests.test_alternative_school.TestStatusBadgeMapping" name="test_founding_status_exists" time="0.011" /><testcase classname="backend.tests.test_alternative_school.TestStatusBadgeMapping" name="test_developing_status_exists" time="0.012" /></testsuite></testsuites>