<?xml version="1.0" encoding="utf-8"?><testsuites name="pytest tests"><testsuite name="pytest" errors="0" failures="0" skipped="0" tests="17" time="3.267" timestamp="2026-02-09T18:44:21.086035+00:00" hostname="agent-env-ec27387f-10f1-4c00-a262-d02d5c4205a4"><testcase classname="backend.tests.test_local_exchange.TestLocalExchangeCategories" name="test_get_categories_returns_12_categories" time="0.115" /><testcase classname="backend.tests.test_local_exchange.TestLocalExchangeCategories" name="test_get_categories_returns_5_conditions" time="0.757" /><testcase classname="backend.tests.test_local_exchange.TestLocalExchangeListings" name="test_get_listings_guest_access" time="0.147" /><testcase classname="backend.tests.test_local_exchange.TestLocalExchangeListings" name="test_get_listings_with_category_filter" time="0.042" /><testcase classname="backend.tests.test_local_exchange.TestLocalExchangeListings" name="test_get_listings_with_search_filter" time="0.081" /><testcase classname="backend.tests.test_local_exchange.TestLocalExchangeListings" name="test_get_listings_with_free_filter" time="0.043" /><testcase classname="backend.tests.test_local_exchange.TestLocalExchangeListings" name="test_get_listings_with_sort" time="0.165" /><testcase classname="backend.tests.test_local_exchange.TestLocalExchangeListings" name="test_get_listings_pagination" time="0.035" /><testcase classname="backend.tests.test_local_exchange.TestLocalExchangeAuth" name="test_create_listing_requires_auth" time="0.035" /><testcase classname="backend.tests.test_local_exchange.TestLocalExchangeAuth" name="test_get_my_listings_requires_auth" time="0.041" /><testcase classname="backend.tests.test_local_exchange.TestLocalExchangeAuth" name="test_create_listing_with_auth" time="0.364" /><testcase classname="backend.tests.test_local_exchange.TestLocalExchangeAuth" name="test_create_free_listing" time="0.374" /><testcase classname="backend.tests.test_local_exchange.TestLocalExchangeAuth" name="test_get_my_listings_with_auth" time="0.297" /><testcase classname="backend.tests.test_local_exchange.TestLocalExchangeAuth" name="test_invalid_category_rejected" time="0.310" /><testcase classname="backend.tests.test_local_exchange.TestLocalExchangeAuth" name="test_invalid_condition_rejected" time="0.307" /><testcase classname="backend.tests.test_local_exchange.TestLocalExchangeListingDetail" name="test_get_invalid_listing_returns_404" time="0.040" /><testcase classname="backend.tests.test_local_exchange.TestLocalExchangeListingDetail" name="test_get_invalid_listing_id_format" time="0.038" /></testsuite></testsuites>