<?xml version="1.0" encoding="utf-8"?><testsuites name="pytest tests"><testsuite name="pytest" errors="0" failures="0" skipped="0" tests="21" time="410.757" timestamp="2026-01-29T21:07:25.358724+00:00" hostname="agent-env-5c37dd51-211f-42af-882f-823d88cc61eb"><testcase classname="tests.test_founder_ops_p1.TestFounderOpsAuth" name="test_login_success" time="99.656" /><testcase classname="tests.test_founder_ops_p1.TestTasksCRUD" name="test_get_tasks_empty_or_list" time="58.839" /><testcase classname="tests.test_founder_ops_p1.TestTasksCRUD" name="test_create_task_minimal" time="76.762" /><testcase classname="tests.test_founder_ops_p1.TestTasksCRUD" name="test_create_task_full_fields" time="77.226" /><testcase classname="tests.test_founder_ops_p1.TestTasksCRUD" name="test_get_task_by_id" time="43.153" /><testcase classname="tests.test_founder_ops_p1.TestTasksCRUD" name="test_update_task_patch" time="0.200" /><testcase classname="tests.test_founder_ops_p1.TestTasksCRUD" name="test_move_task" time="0.158" /><testcase classname="tests.test_founder_ops_p1.TestTasksCRUD" name="test_delete_task" time="0.114" /><testcase classname="tests.test_founder_ops_p1.TestTasksCRUD" name="test_get_tasks_sorted_by_order" time="0.278" /><testcase classname="tests.test_founder_ops_p1.TestTasksCRUD" name="test_task_not_found" time="0.148" /><testcase classname="tests.test_founder_ops_p1.TestDetectorsCRUD" name="test_get_detectors_empty_or_list" time="0.304" /><testcase classname="tests.test_founder_ops_p1.TestDetectorsCRUD" name="test_create_detector_minimal" time="0.077" /><testcase classname="tests.test_founder_ops_p1.TestDetectorsCRUD" name="test_create_detector_full_fields" time="0.075" /><testcase classname="tests.test_founder_ops_p1.TestDetectorsCRUD" name="test_get_detector_by_id" time="0.152" /><testcase classname="tests.test_founder_ops_p1.TestDetectorsCRUD" name="test_update_detector_patch" time="0.189" /><testcase classname="tests.test_founder_ops_p1.TestDetectorsCRUD" name="test_delete_detector" time="0.165" /><testcase classname="tests.test_founder_ops_p1.TestDetectorsCRUD" name="test_detector_not_found" time="0.116" /><testcase classname="tests.test_founder_ops_p1.TestDetectorsCRUD" name="test_detector_domain_filter" time="0.262" /><testcase classname="tests.test_founder_ops_p1.TestDetectorsCRUD" name="test_detector_types" time="0.394" /><testcase classname="tests.test_founder_ops_p1.TestUnauthorizedAccess" name="test_tasks_requires_auth" time="52.296" /><testcase classname="tests.test_founder_ops_p1.TestUnauthorizedAccess" name="test_detectors_requires_auth" time="0.093" /></testsuite></testsuites>