<?xml version="1.0" encoding="utf-8"?><testsuites name="pytest tests"><testsuite name="pytest" errors="0" failures="0" skipped="0" tests="12" time="3.692" timestamp="2026-02-11T04:34:55.957369+00:00" hostname="agent-env-25fcced4-fae6-4b96-9cf0-308064cc6741"><testcase classname="backend.tests.test_local_exchange_chatsphere.TestInitiateChatAuthentication" name="test_initiate_chat_requires_auth" time="0.070" /><testcase classname="backend.tests.test_local_exchange_chatsphere.TestInitiateChatAuthentication" name="test_initiate_chat_with_invalid_token" time="0.040" /><testcase classname="backend.tests.test_local_exchange_chatsphere.TestInitiateChatValidation" name="test_cannot_message_yourself" time="0.307" /><testcase classname="backend.tests.test_local_exchange_chatsphere.TestInitiateChatValidation" name="test_nonexistent_listing_returns_404" time="0.309" /><testcase classname="backend.tests.test_local_exchange_chatsphere.TestInitiateChatValidation" name="test_invalid_listing_id_returns_400" time="0.307" /><testcase classname="backend.tests.test_local_exchange_chatsphere.TestInitiateChatConversationCreation" name="test_creates_conversation_with_listing_context" time="0.308" /><testcase classname="backend.tests.test_local_exchange_chatsphere.TestInitiateChatConversationCreation" name="test_returns_existing_conversation_idempotent" time="0.346" /><testcase classname="backend.tests.test_local_exchange_chatsphere.TestInitiateChatConversationCreation" name="test_conversation_has_listing_context_message" time="0.352" /><testcase classname="backend.tests.test_local_exchange_chatsphere.TestInitiateChatSoldListing" name="test_sold_listing_returns_400" time="0.683" /><testcase classname="backend.tests.test_local_exchange_chatsphere.TestModuleRegistryIntegration" name="test_local_exchange_module_has_initiate_chat_route" time="0.305" /><testcase classname="backend.tests.test_local_exchange_chatsphere.TestModuleRegistryIntegration" name="test_local_exchange_module_has_integration_notes" time="0.306" /><testcase classname="backend.tests.test_local_exchange_chatsphere.TestModuleRegistryIntegration" name="test_chatsphere_module_has_integration_notes" time="0.300" /></testsuite></testsuites>