<?xml version="1.0" encoding="utf-8"?><testsuites name="pytest tests"><testsuite name="pytest" errors="0" failures="0" skipped="0" tests="21" time="63.296" timestamp="2026-02-10T05:25:01.236230+00:00" hostname="agent-env-25fcced4-fae6-4b96-9cf0-308064cc6741"><testcase classname="backend.tests.test_frames.TestFramesGuestAccess" name="test_get_frames_guest_access" time="28.494" /><testcase classname="backend.tests.test_frames.TestFramesGuestAccess" name="test_get_frames_pagination" time="0.778" /><testcase classname="backend.tests.test_frames.TestFramesGuestAccess" name="test_get_single_frame_guest" time="19.950" /><testcase classname="backend.tests.test_frames.TestFramesGuestAccess" name="test_create_frame_requires_auth" time="0.278" /><testcase classname="backend.tests.test_frames.TestFramesAuthenticated" name="test_create_frame_public" time="1.231" /><testcase classname="backend.tests.test_frames.TestFramesAuthenticated" name="test_create_frame_private" time="7.506" /><testcase classname="backend.tests.test_frames.TestFramesAuthenticated" name="test_create_frame_circle_only" time="0.338" /><testcase classname="backend.tests.test_frames.TestFramesAuthenticated" name="test_create_frame_no_caption" time="0.343" /><testcase classname="backend.tests.test_frames.TestFramesAuthenticated" name="test_create_frame_invalid_visibility" time="0.300" /><testcase classname="backend.tests.test_frames.TestFramesAuthenticated" name="test_create_frame_missing_image" time="0.304" /><testcase classname="backend.tests.test_frames.TestFramesAuthenticated" name="test_get_my_frames" time="0.301" /><testcase classname="backend.tests.test_frames.TestFramesAuthenticated" name="test_get_my_frames_requires_auth" time="0.298" /><testcase classname="backend.tests.test_frames.TestFramesAuthenticated" name="test_authenticated_user_sees_create_button" time="0.298" /><testcase classname="backend.tests.test_frames.TestFrameDetail" name="test_frame_detail_has_creator_info" time="0.382" /><testcase classname="backend.tests.test_frames.TestFrameDetail" name="test_frame_detail_no_likes_comments" time="0.338" /><testcase classname="backend.tests.test_frames.TestFrameDetail" name="test_invalid_frame_id" time="0.309" /><testcase classname="backend.tests.test_frames.TestFrameDetail" name="test_nonexistent_frame_id" time="0.299" /><testcase classname="backend.tests.test_frames.TestFrameVisibility" name="test_private_frame_not_visible_to_guest" time="0.380" /><testcase classname="backend.tests.test_frames.TestFrameVisibility" name="test_owner_can_see_own_private_frame" time="0.379" /><testcase classname="backend.tests.test_frames.TestFrameSafetyFeatures" name="test_hide_frame_requires_auth" time="0.346" /><testcase classname="backend.tests.test_frames.TestFrameSafetyFeatures" name="test_report_frame_requires_auth" time="0.357" /></testsuite></testsuites>