<?xml version="1.0" encoding="utf-8"?><testsuites name="pytest tests"><testsuite name="pytest" errors="0" failures="0" skipped="0" tests="20" time="9.750" timestamp="2026-02-15T04:24:58.547544+00:00" hostname="agent-env-28b65750-80d2-4e05-9d6b-e1daf8fbec12"><testcase classname="backend.tests.test_pins_api.TestPinBoardsAPI" name="test_get_boards_creates_default" time="1.618" /><testcase classname="backend.tests.test_pins_api.TestPinBoardsAPI" name="test_create_board" time="0.848" /><testcase classname="backend.tests.test_pins_api.TestPinBoardsAPI" name="test_create_board_duplicate_name_fails" time="0.254" /><testcase classname="backend.tests.test_pins_api.TestPinBoardsAPI" name="test_update_board" time="0.274" /><testcase classname="backend.tests.test_pins_api.TestPinBoardsAPI" name="test_delete_default_board_fails" time="0.252" /><testcase classname="backend.tests.test_pins_api.TestPinBoardsAPI" name="test_delete_board_with_move_pins" time="0.905" /><testcase classname="backend.tests.test_pins_api.TestPinsAPI" name="test_create_pin_to_default_board" time="0.123" /><testcase classname="backend.tests.test_pins_api.TestPinsAPI" name="test_create_pin_idempotent" time="0.238" /><testcase classname="backend.tests.test_pins_api.TestPinsAPI" name="test_create_pin_to_different_boards_allowed" time="0.341" /><testcase classname="backend.tests.test_pins_api.TestPinsAPI" name="test_get_pins_with_filters" time="0.688" /><testcase classname="backend.tests.test_pins_api.TestPinsAPI" name="test_delete_pin_updates_board_count" time="0.600" /><testcase classname="backend.tests.test_pins_api.TestPinsAPI" name="test_move_pin_to_different_board" time="0.475" /><testcase classname="backend.tests.test_pins_api.TestPinsAPI" name="test_check_pin_status" time="0.271" /><testcase classname="backend.tests.test_pins_api.TestPinsAPI" name="test_check_pin_status_not_pinned" time="0.105" /><testcase classname="backend.tests.test_pins_api.TestAuthIsolation" name="test_pins_require_auth" time="0.347" /><testcase classname="backend.tests.test_pins_api.TestContentTypes" name="test_supported_content_types" time="1.162" /><testcase classname="backend.tests.test_pins_api.TestEdgeCases" name="test_invalid_board_id_format" time="0.117" /><testcase classname="backend.tests.test_pins_api.TestEdgeCases" name="test_nonexistent_board_id" time="0.110" /><testcase classname="backend.tests.test_pins_api.TestEdgeCases" name="test_create_board_validation" time="0.108" /><testcase classname="backend.tests.test_pins_api.TestEdgeCases" name="test_pin_validation_missing_fields" time="0.819" /></testsuite></testsuites>